# JRE version: Java(TM) SE Runtime Environment (21.0.6+8) (build 21.0.6+8-LTS-188)
# Java VM: Java HotSpot(TM) 64-Bit Server VM (21.0.6+8-LTS-188, mixed mode, sharing, tiered, compressed oops, compressed class ptrs, g1 gc, windows-amd64)
GC Precious Log:
 CardTable entry size: 512
 Card Set container configuration: InlinePtr #cards 4 size 8 Array Of Cards #cards 16 size 48 Howl #buckets 8 coarsen threshold 3686 Howl Bitmap #cards 512 size 80 coarsen threshold 460 Card regions per heap region 1 cards per card region 4096
 CPUs: 8 total, 8 available
 Memory: 12169M
 Large Page Support: Disabled
 NUMA Support: Disabled
 Compressed Oops: Enabled (Zero based)
 Heap Region Size: 2M
 Heap Min Capacity: 8M
 Heap Initial Capacity: 192M
 Heap Max Capacity: 3044M
 Pre-touch: Disabled
 Parallel Workers: 8
 Concurrent Workers: 2
 Concurrent Refinement Workers: 8
 Periodic GC: Disabled
Heap:
 garbage-first heap   total 196608K, used 28076K [0x0000000741c00000, 0x0000000800000000)
  region size 2048K, 9 young (18432K), 2 survivors (4096K)
 Metaspace       used 19103K, committed 19392K, reserved 1114112K
  class space    used 2222K, committed 2368K, reserved 1048576K
GC Heap History (6 events):
Event: 1.584 GC heap before
{Heap before GC invocations=0 (full 0):
 garbage-first heap   total 196608K, used 20480K [0x0000000741c00000, 0x0000000800000000)
  region size 2048K, 11 young (22528K), 0 survivors (0K)
 Metaspace       used 3182K, committed 3456K, reserved 1114112K
  class space    used 303K, committed 448K, reserved 1048576K
}
Event: 1.594 GC heap after
{Heap after GC invocations=1 (full 0):
 garbage-first heap   total 196608K, used 8704K [0x0000000741c00000, 0x0000000800000000)
  region size 2048K, 2 young (4096K), 2 survivors (4096K)
 Metaspace       used 3182K, committed 3456K, reserved 1114112K
  class space    used 303K, committed 448K, reserved 1048576K
}
Event: 2.656 GC heap before
{Heap before GC invocations=1 (full 0):
 garbage-first heap   total 196608K, used 27136K [0x0000000741c00000, 0x0000000800000000)
  region size 2048K, 12 young (24576K), 2 survivors (4096K)
 Metaspace       used 7277K, committed 7488K, reserved 1114112K
  class space    used 784K, committed 896K, reserved 1048576K
}
Event: 2.666 GC heap after
{Heap after GC invocations=2 (full 0):
 garbage-first heap   total 196608K, used 13513K [0x0000000741c00000, 0x0000000800000000)
  region size 2048K, 2 young (4096K), 2 survivors (4096K)
 Metaspace       used 7277K, committed 7488K, reserved 1114112K
  class space    used 784K, committed 896K, reserved 1048576K
}
Event: 4.735 GC heap before
{Heap before GC invocations=2 (full 0):
 garbage-first heap   total 196608K, used 46281K [0x0000000741c00000, 0x0000000800000000)
  region size 2048K, 19 young (38912K), 2 survivors (4096K)
 Metaspace       used 16400K, committed 16704K, reserved 1114112K
  class space    used 1897K, committed 2048K, reserved 1048576K
}
Event: 4.743 GC heap after
{Heap after GC invocations=3 (full 0):
 garbage-first heap   total 196608K, used 15788K [0x0000000741c00000, 0x0000000800000000)
  region size 2048K, 2 young (4096K), 2 survivors (4096K)
 Metaspace       used 16400K, committed 16704K, reserved 1114112K
  class space    used 1897K, committed 2048K, reserved 1048576K
}

